[INFO] Scanning for projects...
[INFO] 
[INFO] --------------------------< com.campus:trade >--------------------------
[INFO] Building campus-trade-java 0.0.1-SNAPSHOT
[INFO]   from pom.xml
[INFO] --------------------------------[ jar ]---------------------------------
[INFO] 
[INFO] --- resources:3.3.1:resources (default-resources) @ trade ---
[INFO] Copying 1 resource from src\main\resources to target\classes
[INFO] Copying 0 resource from src\main\resources to target\classes
[INFO] 
[INFO] --- compiler:3.11.0:compile (default-compile) @ trade ---
[INFO] Changes detected - recompiling the module! :source
[INFO] Compiling 15 source files with javac [debug release 17] to target\classes
[INFO] -------------------------------------------------------------
[ERROR] COMPILATION ERROR : 
[INFO] -------------------------------------------------------------
[ERROR] /D:/Google_projects/campus-trade-java/src/main/java/com/campus/trade/entity/User.java:[34,37] 不是语句
[ERROR] /D:/Google_projects/campus-trade-java/src/main/java/com/campus/trade/entity/User.java:[34,41] 需要';'
[INFO] 2 errors 
[INFO] -------------------------------------------------------------
[INFO] ------------------------------------------------------------------------
[INFO] BUILD FAILURE
[INFO] ------------------------------------------------------------------------
[INFO] Total time:  2.422 s
[INFO] Finished at: 2026-04-02T11:23:21+08:00
[INFO] ------------------------------------------------------------------------
[ERROR] Failed to execute goal org.apache.maven.plugins:maven-compiler-plugin:3.11.0:compile (default-compile) on project trade: Compilation failure: Compilation failure: 
[ERROR] /D:/Google_projects/campus-trade-java/src/main/java/com/campus/trade/entity/User.java:[34,37] 不是语句
[ERROR] /D:/Google_projects/campus-trade-java/src/main/java/com/campus/trade/entity/User.java:[34,41] 需要';'
[ERROR] -> [Help 1]
[ERROR] 
[ERROR] To see the full stack trace of the errors, re-run Maven with the -e switch.
[ERROR] Re-run Maven using the -X switch to enable full debug logging.
[ERROR] 
[ERROR] For more information about the errors and possible solutions, please read the following articles:
[ERROR] [Help 1] http://cwiki.apache.org/confluence/display/MAVEN/MojoFailureException
